# JRE version: OpenJDK Runtime Environment (8.0_265-b01) (build 1.8.0_265-8u265-b01-0ubuntu2~18.04-b01)
# Java VM: OpenJDK 64-Bit Server VM (25.265-b01 mixed mode linux-amd64 compressed oops)
Heap:
 PSYoungGen      total 275456K, used 3238K [0x00000000eba00000, 0x00000000fd700000, 0x0000000100000000)
  eden space 259072K, 1% used [0x00000000eba00000,0x00000000ebd299e8,0x00000000fb700000)
  from space 16384K, 0% used [0x00000000fb700000,0x00000000fb700000,0x00000000fc700000)
  to   space 16384K, 0% used [0x00000000fc700000,0x00000000fc700000,0x00000000fd700000)
 ParOldGen       total 49152K, used 13229K [0x00000000c2e00000, 0x00000000c5e00000, 0x00000000eba00000)
  object space 49152K, 26% used [0x00000000c2e00000,0x00000000c3aeb618,0x00000000c5e00000)
 Metaspace       used 49050K, capacity 51854K, committed 52264K, reserved 1093632K
  class space    used 6579K, capacity 7090K, committed 7208K, reserved 1048576K
GC Heap History (10 events):
Event: 4.020 GC heap before
{Heap before GC invocations=12 (full 1):
 PSYoungGen      total 188416K, used 100853K [0x00000000eba00000, 0x00000000f8800000, 0x0000000100000000)
  eden space 182272K, 52% used [0x00000000eba00000,0x00000000f16ef7f0,0x00000000f6c00000)
  from space 6144K, 92% used [0x00000000f8200000,0x00000000f878df50,0x00000000f8800000)
  to   space 8704K, 0% used [0x00000000f7700000,0x00000000f7700000,0x00000000f7f80000)
 ParOldGen       total 28160K, used 6743K [0x00000000c2e00000, 0x00000000c4980000, 0x00000000eba00000)
  object space 28160K, 23% used [0x00000000c2e00000,0x00000000c3495f50,0x00000000c4980000)
 Metaspace       used 33527K, capacity 35462K, committed 35496K, reserved 1079296K
  class space    used 4392K, capacity 4760K, committed 4776K, reserved 1048576K
Event: 4.038 GC heap after
Heap after GC invocations=12 (full 1):
 PSYoungGen      total 202240K, used 8673K [0x00000000eba00000, 0x00000000fd600000, 0x0000000100000000)
  eden space 193536K, 0% used [0x00000000eba00000,0x00000000eba00000,0x00000000f7700000)
  from space 8704K, 99% used [0x00000000f7700000,0x00000000f7f78668,0x00000000f7f80000)
  to   space 11776K, 0% used [0x00000000fca80000,0x00000000fca80000,0x00000000fd600000)
 ParOldGen       total 28160K, used 11548K [0x00000000c2e00000, 0x00000000c4980000, 0x00000000eba00000)
  object space 28160K, 41% used [0x00000000c2e00000,0x00000000c39472f0,0x00000000c4980000)
 Metaspace       used 33527K, capacity 35462K, committed 35496K, reserved 1079296K
  class space    used 4392K, capacity 4760K, committed 4776K, reserved 1048576K
}
Event: 4.038 GC heap before
{Heap before GC invocations=13 (full 2):
 PSYoungGen      total 202240K, used 8673K [0x00000000eba00000, 0x00000000fd600000, 0x0000000100000000)
  eden space 193536K, 0% used [0x00000000eba00000,0x00000000eba00000,0x00000000f7700000)
  from space 8704K, 99% used [0x00000000f7700000,0x00000000f7f78668,0x00000000f7f80000)
  to   space 11776K, 0% used [0x00000000fca80000,0x00000000fca80000,0x00000000fd600000)
 ParOldGen       total 28160K, used 11548K [0x00000000c2e00000, 0x00000000c4980000, 0x00000000eba00000)
  object space 28160K, 41% used [0x00000000c2e00000,0x00000000c39472f0,0x00000000c4980000)
 Metaspace       used 33527K, capacity 35462K, committed 35496K, reserved 1079296K
  class space    used 4392K, capacity 4760K, committed 4776K, reserved 1048576K
Event: 4.138 GC heap after
Heap after GC invocations=13 (full 2):
 PSYoungGen      total 202240K, used 0K [0x00000000eba00000, 0x00000000fd600000, 0x0000000100000000)
  eden space 193536K, 0% used [0x00000000eba00000,0x00000000eba00000,0x00000000f7700000)
  from space 8704K, 0% used [0x00000000f7700000,0x00000000f7700000,0x00000000f7f80000)
  to   space 11776K, 0% used [0x00000000fca80000,0x00000000fca80000,0x00000000fd600000)
 ParOldGen       total 49152K, used 19198K [0x00000000c2e00000, 0x00000000c5e00000, 0x00000000eba00000)
  object space 49152K, 39% used [0x00000000c2e00000,0x00000000c40bfb40,0x00000000c5e00000)
 Metaspace       used 33527K, capacity 35462K, committed 35496K, reserved 1079296K
  class space    used 4392K, capacity 4760K, committed 4776K, reserved 1048576K
}
Event: 189.159 GC heap before
{Heap before GC invocations=14 (full 2):
 PSYoungGen      total 202240K, used 193536K [0x00000000eba00000, 0x00000000fd600000, 0x0000000100000000)
  eden space 193536K, 100% used [0x00000000eba00000,0x00000000f7700000,0x00000000f7700000)
  from space 8704K, 0% used [0x00000000f7700000,0x00000000f7700000,0x00000000f7f80000)
  to   space 11776K, 0% used [0x00000000fca80000,0x00000000fca80000,0x00000000fd600000)
 ParOldGen       total 49152K, used 19198K [0x00000000c2e00000, 0x00000000c5e00000, 0x00000000eba00000)
  object space 49152K, 39% used [0x00000000c2e00000,0x00000000c40bfb40,0x00000000c5e00000)
 Metaspace       used 48779K, capacity 51610K, committed 51880K, reserved 1093632K
  class space    used 6539K, capacity 7039K, committed 7080K, reserved 1048576K
Event: 189.180 GC heap after
Heap after GC invocations=14 (full 2):
 PSYoungGen      total 270848K, used 11751K [0x00000000eba00000, 0x00000000fd700000, 0x0000000100000000)
  eden space 259072K, 0% used [0x00000000eba00000,0x00000000eba00000,0x00000000fb700000)
  from space 11776K, 99% used [0x00000000fca80000,0x00000000fd5f9ed8,0x00000000fd600000)
  to   space 16384K, 0% used [0x00000000fb700000,0x00000000fb700000,0x00000000fc700000)
 ParOldGen       total 49152K, used 26528K [0x00000000c2e00000, 0x00000000c5e00000, 0x00000000eba00000)
  object space 49152K, 53% used [0x00000000c2e00000,0x00000000c47e82c8,0x00000000c5e00000)
 Metaspace       used 48779K, capacity 51610K, committed 51880K, reserved 1093632K
  class space    used 6539K, capacity 7039K, committed 7080K, reserved 1048576K
}
Event: 1660.421 GC heap before
{Heap before GC invocations=15 (full 2):
 PSYoungGen      total 270848K, used 137305K [0x00000000eba00000, 0x00000000fd700000, 0x0000000100000000)
  eden space 259072K, 48% used [0x00000000eba00000,0x00000000f349c550,0x00000000fb700000)
  from space 11776K, 99% used [0x00000000fca80000,0x00000000fd5f9ed8,0x00000000fd600000)
  to   space 16384K, 0% used [0x00000000fb700000,0x00000000fb700000,0x00000000fc700000)
 ParOldGen       total 49152K, used 26528K [0x00000000c2e00000, 0x00000000c5e00000, 0x00000000eba00000)
  object space 49152K, 53% used [0x00000000c2e00000,0x00000000c47e82c8,0x00000000c5e00000)
 Metaspace       used 49163K, capacity 52038K, committed 52264K, reserved 1093632K
  class space    used 6597K, capacity 7126K, committed 7208K, reserved 1048576K
Event: 1660.447 GC heap after
Heap after GC invocations=15 (full 2):
 PSYoungGen      total 275456K, used 544K [0x00000000eba00000, 0x00000000fd700000, 0x0000000100000000)
  eden space 259072K, 0% used [0x00000000eba00000,0x00000000eba00000,0x00000000fb700000)
  from space 16384K, 3% used [0x00000000fb700000,0x00000000fb788000,0x00000000fc700000)
  to   space 16384K, 0% used [0x00000000fc700000,0x00000000fc700000,0x00000000fd700000)
 ParOldGen       total 49152K, used 32630K [0x00000000c2e00000, 0x00000000c5e00000, 0x00000000eba00000)
  object space 49152K, 66% used [0x00000000c2e00000,0x00000000c4dddad8,0x00000000c5e00000)
 Metaspace       used 49163K, capacity 52038K, committed 52264K, reserved 1093632K
  class space    used 6597K, capacity 7126K, committed 7208K, reserved 1048576K
}
Event: 1660.447 GC heap before
{Heap before GC invocations=16 (full 3):
 PSYoungGen      total 275456K, used 544K [0x00000000eba00000, 0x00000000fd700000, 0x0000000100000000)
  eden space 259072K, 0% used [0x00000000eba00000,0x00000000eba00000,0x00000000fb700000)
  from space 16384K, 3% used [0x00000000fb700000,0x00000000fb788000,0x00000000fc700000)
  to   space 16384K, 0% used [0x00000000fc700000,0x00000000fc700000,0x00000000fd700000)
 ParOldGen       total 49152K, used 32630K [0x00000000c2e00000, 0x00000000c5e00000, 0x00000000eba00000)
  object space 49152K, 66% used [0x00000000c2e00000,0x00000000c4dddad8,0x00000000c5e00000)
 Metaspace       used 49163K, capacity 52038K, committed 52264K, reserved 1093632K
  class space    used 6597K, capacity 7126K, committed 7208K, reserved 1048576K
Event: 1660.612 GC heap after
Heap after GC invocations=16 (full 3):
 PSYoungGen      total 275456K, used 0K [0x00000000eba00000, 0x00000000fd700000, 0x0000000100000000)
  eden space 259072K, 0% used [0x00000000eba00000,0x00000000eba00000,0x00000000fb700000)
  from space 16384K, 0% used [0x00000000fb700000,0x00000000fb700000,0x00000000fc700000)
  to   space 16384K, 0% used [0x00000000fc700000,0x00000000fc700000,0x00000000fd700000)
 ParOldGen       total 49152K, used 13229K [0x00000000c2e00000, 0x00000000c5e00000, 0x00000000eba00000)
  object space 49152K, 26% used [0x00000000c2e00000,0x00000000c3aeb618,0x00000000c5e00000)
 Metaspace       used 49048K, capacity 51854K, committed 52264K, reserved 1093632K
  class space    used 6578K, capacity 7090K, committed 7208K, reserved 1048576K
}

